<?xml version="1.0" encoding="UTF-8"?>
<testsuite name="com.nts.project.springboot.web.HelloControllerTest" tests="2" skipped="0" failures="0" errors="0" timestamp="2020-03-20T08:19:28" hostname="DESKTOP-TG1CJTM" time="0.373">
  <properties/>
  <testcase name="hello가_리턴된다" classname="com.nts.project.springboot.web.HelloControllerTest" time="0.284"/>
  <testcase name="hellpDto가_리턴된다" classname="com.nts.project.springboot.web.HelloControllerTest" time="0.088"/>
  <system-out><![CDATA[17:19:24.885 [Test worker] DEBUG org.springframework.test.context.junit4.SpringJUnit4ClassRunner - SpringJUnit4ClassRunner constructor called with [class com.nts.project.springboot.web.HelloControllerTest]
17:19:24.895 [Test worker] DEBUG org.springframework.test.context.BootstrapUtils - Instantiating CacheAwareContextLoaderDelegate from class [org.springframework.test.context.cache.DefaultCacheAwareContextLoaderDelegate]
17:19:24.911 [Test worker] DEBUG org.springframework.test.context.BootstrapUtils - Instantiating BootstrapContext using constructor [public org.springframework.test.context.support.DefaultBootstrapContext(java.lang.Class,org.springframework.test.context.CacheAwareContextLoaderDelegate)]
17:19:24.935 [Test worker] DEBUG org.springframework.test.context.BootstrapUtils - Instantiating TestContextBootstrapper for test class [com.nts.project.springboot.web.HelloControllerTest] from class [org.springframework.boot.test.autoconfigure.web.servlet.WebMvcTestContextBootstrapper]
17:19:24.957 [Test worker] INFO org.springframework.boot.test.autoconfigure.web.servlet.WebMvcTestContextBootstrapper - Neither @ContextConfiguration nor @ContextHierarchy found for test class [com.nts.project.springboot.web.HelloControllerTest], using SpringBootContextLoader
17:19:24.961 [Test worker] DEBUG org.springframework.test.context.support.AbstractContextLoader - Did not detect default resource location for test class [com.nts.project.springboot.web.HelloControllerTest]: class path resource [com/nts/project/springboot/web/HelloControllerTest-context.xml] does not exist
17:19:24.961 [Test worker] DEBUG org.springframework.test.context.support.AbstractContextLoader - Did not detect default resource location for test class [com.nts.project.springboot.web.HelloControllerTest]: class path resource [com/nts/project/springboot/web/HelloControllerTestContext.groovy] does not exist
17:19:24.961 [Test worker] INFO org.springframework.test.context.support.AbstractContextLoader - Could not detect default resource locations for test class [com.nts.project.springboot.web.HelloControllerTest]: no resource found for suffixes {-context.xml, Context.groovy}.
17:19:24.962 [Test worker] INFO org.springframework.test.context.support.AnnotationConfigContextLoaderUtils - Could not detect default configuration classes for test class [com.nts.project.springboot.web.HelloControllerTest]: HelloControllerTest does not declare any static, non-private, non-final, nested classes annotated with @Configuration.
17:19:25.062 [Test worker] DEBUG org.springframework.test.context.support.ActiveProfilesUtils - Could not find an 'annotation declaring class' for annotation type [org.springframework.test.context.ActiveProfiles] and class [com.nts.project.springboot.web.HelloControllerTest]
17:19:25.198 [Test worker] DEBUG org.springframework.context.annotation.ClassPathScanningCandidateComponentProvider - Identified candidate component class: file [C:\Users\MoonSemi\IdeaProjects\springboot-webservice-tastemap\build\classes\java\main\com\nts\project\springboot\Application.class]
17:19:25.200 [Test worker] INFO org.springframework.boot.test.context.SpringBootTestContextBootstrapper - Found @SpringBootConfiguration com.nts.project.springboot.Application for test class com.nts.project.springboot.web.HelloControllerTest
17:19:25.202 [Test worker] DEBUG org.springframework.boot.test.autoconfigure.web.servlet.WebMvcTestContextBootstrapper - @TestExecutionListeners is not present for class [com.nts.project.springboot.web.HelloControllerTest]: using defaults.
17:19:25.202 [Test worker] INFO org.springframework.boot.test.autoconfigure.web.servlet.WebMvcTestContextBootstrapper - Loaded default TestExecutionListener class names from location [META-INF/spring.factories]: [org.springframework.security.test.context.support.WithSecurityContextTestExecutionListener, org.springframework.security.test.context.support.ReactorContextTestExecutionListener, org.springframework.boot.test.autoconfigure.restdocs.RestDocsTestExecutionListener, org.springframework.boot.test.autoconfigure.web.client.MockRestServiceServerResetTestExecutionListener, org.springframework.boot.test.autoconfigure.web.servlet.MockMvcPrintOnlyOnFailureTestExecutionListener, org.springframework.boot.test.autoconfigure.web.servlet.WebDriverTestExecutionListener, org.springframework.boot.test.mock.mockito.MockitoTestExecutionListener, org.springframework.boot.test.mock.mockito.ResetMocksTestExecutionListener, org.springframework.test.context.web.ServletTestExecutionListener, org.springframework.test.context.support.DirtiesContextBeforeModesTestExecutionListener, org.springframework.test.context.support.DependencyInjectionTestExecutionListener, org.springframework.test.context.support.DirtiesContextTestExecutionListener, org.springframework.test.context.transaction.TransactionalTestExecutionListener, org.springframework.test.context.jdbc.SqlScriptsTestExecutionListener]
17:19:25.241 [Test worker] INFO org.springframework.boot.test.autoconfigure.web.servlet.WebMvcTestContextBootstrapper - Using TestExecutionListeners: [org.springframework.test.context.web.ServletTestExecutionListener@73066f00, org.springframework.test.context.support.DirtiesContextBeforeModesTestExecutionListener@4856fc3f, org.springframework.boot.test.mock.mockito.MockitoTestExecutionListener@14dbce, org.springframework.boot.test.autoconfigure.SpringBootDependencyInjectionTestExecutionListener@4fb5817d, org.springframework.test.context.support.DirtiesContextTestExecutionListener@f0b99e4, org.springframework.test.context.transaction.TransactionalTestExecutionListener@70c33b3e, org.springframework.test.context.jdbc.SqlScriptsTestExecutionListener@562f4443, org.springframework.security.test.context.support.WithSecurityContextTestExecutionListener@35728992, org.springframework.security.test.context.support.ReactorContextTestExecutionListener@6665f261, org.springframework.boot.test.autoconfigure.restdocs.RestDocsTestExecutionListener@f963f58, org.springframework.boot.test.autoconfigure.web.client.MockRestServiceServerResetTestExecutionListener@23376fb5, org.springframework.boot.test.autoconfigure.web.servlet.MockMvcPrintOnlyOnFailureTestExecutionListener@2a85c58, org.springframework.boot.test.autoconfigure.web.servlet.WebDriverTestExecutionListener@4b975096, org.springframework.boot.test.mock.mockito.ResetMocksTestExecutionListener@7545da43]
17:19:25.248 [Test worker] DEBUG org.springframework.test.annotation.ProfileValueUtils - Retrieved @ProfileValueSourceConfiguration [null] for test class [com.nts.project.springboot.web.HelloControllerTest]
17:19:25.250 [Test worker] DEBUG org.springframework.test.annotation.ProfileValueUtils - Retrieved ProfileValueSource type [class org.springframework.test.annotation.SystemProfileValueSource] for class [com.nts.project.springboot.web.HelloControllerTest]
17:19:25.251 [Test worker] DEBUG org.springframework.test.annotation.ProfileValueUtils - Retrieved @ProfileValueSourceConfiguration [null] for test class [com.nts.project.springboot.web.HelloControllerTest]
17:19:25.251 [Test worker] DEBUG org.springframework.test.annotation.ProfileValueUtils - Retrieved ProfileValueSource type [class org.springframework.test.annotation.SystemProfileValueSource] for class [com.nts.project.springboot.web.HelloControllerTest]
17:19:25.263 [Test worker] DEBUG org.springframework.test.context.support.AbstractDirtiesContextTestExecutionListener - Before test class: context [DefaultTestContext@52b8a668 testClass = HelloControllerTest, testInstance = [null], testMethod = [null], testException = [null], mergedContextConfiguration = [WebMergedContextConfiguration@6a70652b testClass = HelloControllerTest, locations = '{}', classes = '{class com.nts.project.springboot.Application}', contextInitializerClasses = '[]', activeProfiles = '{}', propertySourceLocations = '{}', propertySourceProperties = '{org.springframework.boot.test.autoconfigure.web.servlet.WebMvcTestContextBootstrapper=true}', contextCustomizers = set[org.springframework.boot.test.autoconfigure.OverrideAutoConfigurationContextCustomizerFactory$DisableAutoConfigurationContextCustomizer@63464b62, org.springframework.boot.test.autoconfigure.filter.TypeExcludeFiltersContextCustomizer@ad77ee71, org.springframework.boot.test.autoconfigure.properties.PropertyMappingContextCustomizer@baff235d, org.springframework.boot.test.autoconfigure.web.servlet.WebDriverContextCustomizerFactory$Customizer@749ebd32, [ImportsContextCustomizer@6d4058b8 key = [org.springframework.boot.autoconfigure.cache.CacheAutoConfiguration, org.springframework.boot.autoconfigure.context.MessageSourceAutoConfiguration, org.springframework.boot.autoconfigure.data.web.SpringDataWebAutoConfiguration, org.springframework.boot.autoconfigure.freemarker.FreeMarkerAutoConfiguration, org.springframework.boot.autoconfigure.groovy.template.GroovyTemplateAutoConfiguration, org.springframework.boot.autoconfigure.gson.GsonAutoConfiguration, org.springframework.boot.autoconfigure.hateoas.HypermediaAutoConfiguration, org.springframework.boot.autoconfigure.http.HttpMessageConvertersAutoConfiguration, org.springframework.boot.autoconfigure.jackson.JacksonAutoConfiguration, org.springframework.boot.autoconfigure.jsonb.JsonbAutoConfiguration, org.springframework.boot.autoconfigure.mustache.MustacheAutoConfiguration, org.springframework.boot.autoconfigure.task.TaskExecutionAutoConfiguration, org.springframework.boot.autoconfigure.thymeleaf.ThymeleafAutoConfiguration, org.springframework.boot.autoconfigure.validation.ValidationAutoConfiguration, org.springframework.boot.autoconfigure.web.servlet.error.ErrorMvcAutoConfiguration, org.springframework.boot.autoconfigure.web.servlet.WebMvcAutoConfiguration, org.springframework.boot.test.autoconfigure.web.servlet.MockMvcAutoConfiguration, org.springframework.boot.test.autoconfigure.web.servlet.MockMvcSecurityAutoConfiguration, org.springframework.boot.test.autoconfigure.web.servlet.MockMvcWebClientAutoConfiguration, org.springframework.boot.test.autoconfigure.web.servlet.MockMvcWebDriverAutoConfiguration]], org.springframework.boot.test.context.filter.ExcludeFilterContextCustomizer@4cfcfd71, org.springframework.boot.test.json.DuplicateJsonObjectContextCustomizerFactory$DuplicateJsonObjectContextCustomizer@f1b594b, org.springframework.boot.test.mock.mockito.MockitoContextCustomizer@0], resourceBasePath = 'src/main/webapp', contextLoader = 'org.springframework.boot.test.context.SpringBootContextLoader', parent = [null]], attributes = map[[empty]]], class annotated with @DirtiesContext [false] with mode [null].
17:19:25.265 [Test worker] DEBUG org.springframework.test.annotation.ProfileValueUtils - Retrieved @ProfileValueSourceConfiguration [null] for test class [com.nts.project.springboot.web.HelloControllerTest]
17:19:25.265 [Test worker] DEBUG org.springframework.test.annotation.ProfileValueUtils - Retrieved ProfileValueSource type [class org.springframework.test.annotation.SystemProfileValueSource] for class [com.nts.project.springboot.web.HelloControllerTest]
17:19:25.272 [Test worker] DEBUG org.springframework.test.context.support.DependencyInjectionTestExecutionListener - Performing dependency injection for test context [[DefaultTestContext@52b8a668 testClass = HelloControllerTest, testInstance = com.nts.project.springboot.web.HelloControllerTest@238223f1, testMethod = [null], testException = [null], mergedContextConfiguration = [WebMergedContextConfiguration@6a70652b testClass = HelloControllerTest, locations = '{}', classes = '{class com.nts.project.springboot.Application}', contextInitializerClasses = '[]', activeProfiles = '{}', propertySourceLocations = '{}', propertySourceProperties = '{org.springframework.boot.test.autoconfigure.web.servlet.WebMvcTestContextBootstrapper=true}', contextCustomizers = set[org.springframework.boot.test.autoconfigure.OverrideAutoConfigurationContextCustomizerFactory$DisableAutoConfigurationContextCustomizer@63464b62, org.springframework.boot.test.autoconfigure.filter.TypeExcludeFiltersContextCustomizer@ad77ee71, org.springframework.boot.test.autoconfigure.properties.PropertyMappingContextCustomizer@baff235d, org.springframework.boot.test.autoconfigure.web.servlet.WebDriverContextCustomizerFactory$Customizer@749ebd32, [ImportsContextCustomizer@6d4058b8 key = [org.springframework.boot.autoconfigure.cache.CacheAutoConfiguration, org.springframework.boot.autoconfigure.context.MessageSourceAutoConfiguration, org.springframework.boot.autoconfigure.data.web.SpringDataWebAutoConfiguration, org.springframework.boot.autoconfigure.freemarker.FreeMarkerAutoConfiguration, org.springframework.boot.autoconfigure.groovy.template.GroovyTemplateAutoConfiguration, org.springframework.boot.autoconfigure.gson.GsonAutoConfiguration, org.springframework.boot.autoconfigure.hateoas.HypermediaAutoConfiguration, org.springframework.boot.autoconfigure.http.HttpMessageConvertersAutoConfiguration, org.springframework.boot.autoconfigure.jackson.JacksonAutoConfiguration, org.springframework.boot.autoconfigure.jsonb.JsonbAutoConfiguration, org.springframework.boot.autoconfigure.mustache.MustacheAutoConfiguration, org.springframework.boot.autoconfigure.task.TaskExecutionAutoConfiguration, org.springframework.boot.autoconfigure.thymeleaf.ThymeleafAutoConfiguration, org.springframework.boot.autoconfigure.validation.ValidationAutoConfiguration, org.springframework.boot.autoconfigure.web.servlet.error.ErrorMvcAutoConfiguration, org.springframework.boot.autoconfigure.web.servlet.WebMvcAutoConfiguration, org.springframework.boot.test.autoconfigure.web.servlet.MockMvcAutoConfiguration, org.springframework.boot.test.autoconfigure.web.servlet.MockMvcSecurityAutoConfiguration, org.springframework.boot.test.autoconfigure.web.servlet.MockMvcWebClientAutoConfiguration, org.springframework.boot.test.autoconfigure.web.servlet.MockMvcWebDriverAutoConfiguration]], org.springframework.boot.test.context.filter.ExcludeFilterContextCustomizer@4cfcfd71, org.springframework.boot.test.json.DuplicateJsonObjectContextCustomizerFactory$DuplicateJsonObjectContextCustomizer@f1b594b, org.springframework.boot.test.mock.mockito.MockitoContextCustomizer@0], resourceBasePath = 'src/main/webapp', contextLoader = 'org.springframework.boot.test.context.SpringBootContextLoader', parent = [null]], attributes = map[[empty]]]].
17:19:25.419 [Test worker] DEBUG org.springframework.test.context.support.TestPropertySourceUtils - Adding inlined properties to environment: {spring.jmx.enabled=false, org.springframework.boot.test.autoconfigure.web.servlet.WebMvcTestContextBootstrapper=true, server.port=-1}

  .   ____          _            __ _ _
 /\\ / ___'_ __ _ _(_)_ __  __ _ \ \ \ \
( ( )\___ | '_ | '_| | '_ \/ _` | \ \ \ \
 \\/  ___)| |_)| | | | | || (_| |  ) ) ) )
  '  |____| .__|_| |_|_| |_\__, | / / / /
 =========|_|==============|___/=/_/_/_/
 :: Spring Boot ::        (v2.1.7.RELEASE)

2020-03-20 17:19:25.756  INFO 6348 --- [    Test worker] c.n.p.s.web.HelloControllerTest          : Starting HelloControllerTest on DESKTOP-TG1CJTM with PID 6348 (started by MoonSemi in C:\Users\MoonSemi\IdeaProjects\springboot-webservice-tastemap)
2020-03-20 17:19:25.760  INFO 6348 --- [    Test worker] c.n.p.s.web.HelloControllerTest          : No active profile set, falling back to default profiles: default
2020-03-20 17:19:27.730  INFO 6348 --- [    Test worker] o.s.s.concurrent.ThreadPoolTaskExecutor  : Initializing ExecutorService 'applicationTaskExecutor'
2020-03-20 17:19:27.846  INFO 6348 --- [    Test worker] o.s.b.a.w.s.WelcomePageHandlerMapping    : Adding welcome page template: index
2020-03-20 17:19:28.306  INFO 6348 --- [    Test worker] .s.s.UserDetailsServiceAutoConfiguration : 

Using generated security password: b9774409-2502-4af9-986f-af645de908f1

2020-03-20 17:19:28.687  INFO 6348 --- [    Test worker] o.s.s.web.DefaultSecurityFilterChain     : Creating filter chain: any request, [org.springframework.security.web.context.request.async.WebAsyncManagerIntegrationFilter@2a7a0dfb, org.springframework.security.web.context.SecurityContextPersistenceFilter@d40ef27, org.springframework.security.web.header.HeaderWriterFilter@86e3e44, org.springframework.security.web.csrf.CsrfFilter@8746a81, org.springframework.security.web.authentication.logout.LogoutFilter@41e9459d, org.springframework.security.web.authentication.UsernamePasswordAuthenticationFilter@59002b37, org.springframework.security.web.authentication.ui.DefaultLoginPageGeneratingFilter@f2f6ff3, org.springframework.security.web.authentication.ui.DefaultLogoutPageGeneratingFilter@478ac39c, org.springframework.security.web.authentication.www.BasicAuthenticationFilter@5505369, org.springframework.security.web.savedrequest.RequestCacheAwareFilter@59abf38d, org.springframework.security.web.servletapi.SecurityContextHolderAwareRequestFilter@280dc634, org.springframework.security.web.authentication.AnonymousAuthenticationFilter@77833631, org.springframework.security.web.session.SessionManagementFilter@38837c65, org.springframework.security.web.access.ExceptionTranslationFilter@2c05a98e, org.springframework.security.web.access.intercept.FilterSecurityInterceptor@63bde097]
2020-03-20 17:19:28.751  INFO 6348 --- [    Test worker] o.s.b.t.m.w.SpringBootMockServletContext : Initializing Spring TestDispatcherServlet ''
2020-03-20 17:19:28.751  INFO 6348 --- [    Test worker] o.s.t.web.servlet.TestDispatcherServlet  : Initializing Servlet ''
2020-03-20 17:19:28.774  INFO 6348 --- [    Test worker] o.s.t.web.servlet.TestDispatcherServlet  : Completed initialization in 23 ms
2020-03-20 17:19:28.845  INFO 6348 --- [    Test worker] c.n.p.s.web.HelloControllerTest          : Started HelloControllerTest in 3.415 seconds (JVM running for 5.838)
]]></system-out>
  <system-err><![CDATA[]]></system-err>
</testsuite>
