<?xml version="1.0" encoding="UTF-8"?>
<testsuite name="com.nts.project.springboot.web.IndexControllerTest" tests="1" skipped="0" failures="0" errors="0" timestamp="2020-03-24T07:29:33" hostname="DESKTOP-TG1CJTM" time="0.278">
  <properties/>
  <testcase name="메인페이지_로딩" classname="com.nts.project.springboot.web.IndexControllerTest" time="0.278"/>
  <system-out><![CDATA[2020-03-24 16:29:30.631  INFO 15048 --- [    Test worker] .b.t.c.SpringBootTestContextBootstrapper : Neither @ContextConfiguration nor @ContextHierarchy found for test class [com.nts.project.springboot.web.IndexControllerTest], using SpringBootContextLoader
2020-03-24 16:29:30.632  INFO 15048 --- [    Test worker] o.s.t.c.support.AbstractContextLoader    : Could not detect default resource locations for test class [com.nts.project.springboot.web.IndexControllerTest]: no resource found for suffixes {-context.xml, Context.groovy}.
2020-03-24 16:29:30.632  INFO 15048 --- [    Test worker] t.c.s.AnnotationConfigContextLoaderUtils : Could not detect default configuration classes for test class [com.nts.project.springboot.web.IndexControllerTest]: IndexControllerTest does not declare any static, non-private, non-final, nested classes annotated with @Configuration.
2020-03-24 16:29:30.634  INFO 15048 --- [    Test worker] .b.t.c.SpringBootTestContextBootstrapper : Found @SpringBootConfiguration com.nts.project.springboot.Application for test class com.nts.project.springboot.web.IndexControllerTest
2020-03-24 16:29:30.635  INFO 15048 --- [    Test worker] .b.t.c.SpringBootTestContextBootstrapper : Loaded default TestExecutionListener class names from location [META-INF/spring.factories]: [org.springframework.security.test.context.support.WithSecurityContextTestExecutionListener, org.springframework.security.test.context.support.ReactorContextTestExecutionListener, org.springframework.boot.test.autoconfigure.restdocs.RestDocsTestExecutionListener, org.springframework.boot.test.autoconfigure.web.client.MockRestServiceServerResetTestExecutionListener, org.springframework.boot.test.autoconfigure.web.servlet.MockMvcPrintOnlyOnFailureTestExecutionListener, org.springframework.boot.test.autoconfigure.web.servlet.WebDriverTestExecutionListener, org.springframework.boot.test.mock.mockito.MockitoTestExecutionListener, org.springframework.boot.test.mock.mockito.ResetMocksTestExecutionListener, org.springframework.test.context.web.ServletTestExecutionListener, org.springframework.test.context.support.DirtiesContextBeforeModesTestExecutionListener, org.springframework.test.context.support.DependencyInjectionTestExecutionListener, org.springframework.test.context.support.DirtiesContextTestExecutionListener, org.springframework.test.context.transaction.TransactionalTestExecutionListener, org.springframework.test.context.jdbc.SqlScriptsTestExecutionListener]
2020-03-24 16:29:30.636  INFO 15048 --- [    Test worker] .b.t.c.SpringBootTestContextBootstrapper : Using TestExecutionListeners: [org.springframework.test.context.web.ServletTestExecutionListener@d26bc22, org.springframework.test.context.support.DirtiesContextBeforeModesTestExecutionListener@55ecf088, org.springframework.boot.test.mock.mockito.MockitoTestExecutionListener@2f146a7d, org.springframework.boot.test.autoconfigure.SpringBootDependencyInjectionTestExecutionListener@650afbcf, org.springframework.test.context.support.DirtiesContextTestExecutionListener@5df58ce0, org.springframework.test.context.transaction.TransactionalTestExecutionListener@6faf4f66, org.springframework.test.context.jdbc.SqlScriptsTestExecutionListener@6364976c, org.springframework.security.test.context.support.WithSecurityContextTestExecutionListener@5102cc4c, org.springframework.security.test.context.support.ReactorContextTestExecutionListener@20e1c800, org.springframework.boot.test.autoconfigure.restdocs.RestDocsTestExecutionListener@35a07705, org.springframework.boot.test.autoconfigure.web.client.MockRestServiceServerResetTestExecutionListener@7238592a, org.springframework.boot.test.autoconfigure.web.servlet.MockMvcPrintOnlyOnFailureTestExecutionListener@359f9b8d, org.springframework.boot.test.autoconfigure.web.servlet.WebDriverTestExecutionListener@1b90e4f6, org.springframework.boot.test.mock.mockito.ResetMocksTestExecutionListener@2dbea0de]

  .   ____          _            __ _ _
 /\\ / ___'_ __ _ _(_)_ __  __ _ \ \ \ \
( ( )\___ | '_ | '_| | '_ \/ _` | \ \ \ \
 \\/  ___)| |_)| | | | | || (_| |  ) ) ) )
  '  |____| .__|_| |_|_| |_\__, | / / / /
 =========|_|==============|___/=/_/_/_/
 :: Spring Boot ::        (v2.1.7.RELEASE)

2020-03-24 16:29:30.678  INFO 15048 --- [    Test worker] c.n.p.s.web.IndexControllerTest          : Starting IndexControllerTest on DESKTOP-TG1CJTM with PID 15048 (started by MoonSemi in C:\Users\MoonSemi\IdeaProjects\springboot-webservice-tastemap)
2020-03-24 16:29:30.678  INFO 15048 --- [    Test worker] c.n.p.s.web.IndexControllerTest          : No active profile set, falling back to default profiles: default
2020-03-24 16:29:30.924  INFO 15048 --- [    Test worker] .s.d.r.c.RepositoryConfigurationDelegate : Bootstrapping Spring Data repositories in DEFAULT mode.
2020-03-24 16:29:30.959  INFO 15048 --- [    Test worker] .s.d.r.c.RepositoryConfigurationDelegate : Finished Spring Data repository scanning in 34ms. Found 2 repository interfaces.
2020-03-24 16:29:31.109  INFO 15048 --- [    Test worker] trationDelegate$BeanPostProcessorChecker : Bean 'org.springframework.transaction.annotation.ProxyTransactionManagementConfiguration' of type [org.springframework.transaction.annotation.ProxyTransactionManagementConfiguration$$EnhancerBySpringCGLIB$$238cb2f5] is not eligible for getting processed by all BeanPostProcessors (for example: not eligible for auto-proxying)
2020-03-24 16:29:31.430  INFO 15048 --- [    Test worker] o.s.b.w.embedded.tomcat.TomcatWebServer  : Tomcat initialized with port(s): 0 (http)
2020-03-24 16:29:31.466  INFO 15048 --- [    Test worker] o.apache.catalina.core.StandardService   : Starting service [Tomcat]
2020-03-24 16:29:31.466  INFO 15048 --- [    Test worker] org.apache.catalina.core.StandardEngine  : Starting Servlet engine: [Apache Tomcat/9.0.22]
2020-03-24 16:29:31.748  INFO 15048 --- [    Test worker] o.a.c.c.C.[Tomcat].[localhost].[/]       : Initializing Spring embedded WebApplicationContext
2020-03-24 16:29:31.748  INFO 15048 --- [    Test worker] o.s.web.context.ContextLoader            : Root WebApplicationContext: initialization completed in 1066 ms
2020-03-24 16:29:31.971  INFO 15048 --- [    Test worker] com.zaxxer.hikari.HikariDataSource       : HikariPool-2 - Starting...
2020-03-24 16:29:31.973  INFO 15048 --- [    Test worker] com.zaxxer.hikari.HikariDataSource       : HikariPool-2 - Start completed.
2020-03-24 16:29:32.021  INFO 15048 --- [    Test worker] o.hibernate.jpa.internal.util.LogHelper  : HHH000204: Processing PersistenceUnitInfo [
	name: default
	...]
2020-03-24 16:29:32.037  INFO 15048 --- [    Test worker] org.hibernate.dialect.Dialect            : HHH000400: Using dialect: org.hibernate.dialect.MySQL5InnoDBDialect
Hibernate: drop table if exists posts
Hibernate: drop table if exists user
Hibernate: create table posts (id bigint not null auto_increment, created_date datetime, modified_date datetime, author varchar(255), content TEXT not null, title varchar(500) not null, primary key (id)) engine=InnoDB
Hibernate: create table user (id bigint not null auto_increment, email varchar(255) not null, name varchar(255) not null, picture varchar(255), role varchar(255) not null, primary key (id)) engine=InnoDB
2020-03-24 16:29:32.116  INFO 15048 --- [    Test worker] o.h.t.schema.internal.SchemaCreatorImpl  : HHH000476: Executing import script 'org.hibernate.tool.schema.internal.exec.ScriptSourceInputNonExistentImpl@63f6d9cd'
2020-03-24 16:29:32.117  INFO 15048 --- [    Test worker] j.LocalContainerEntityManagerFactoryBean : Initialized JPA EntityManagerFactory for persistence unit 'default'
2020-03-24 16:29:32.520  INFO 15048 --- [    Test worker] o.h.h.i.QueryTranslatorFactoryInitiator  : HHH000397: Using ASTQueryTranslatorFactory
2020-03-24 16:29:32.743  INFO 15048 --- [    Test worker] o.s.s.web.DefaultSecurityFilterChain     : Creating filter chain: any request, [org.springframework.security.web.context.request.async.WebAsyncManagerIntegrationFilter@7869dc0f, org.springframework.security.web.context.SecurityContextPersistenceFilter@353429c3, org.springframework.security.web.header.HeaderWriterFilter@155fedcd, org.springframework.security.web.authentication.logout.LogoutFilter@5d56b1ef, org.springframework.security.oauth2.client.web.OAuth2AuthorizationRequestRedirectFilter@4d91349b, org.springframework.security.oauth2.client.web.OAuth2LoginAuthenticationFilter@6450f10e, org.springframework.security.web.authentication.ui.DefaultLoginPageGeneratingFilter@4938e33a, org.springframework.security.web.authentication.ui.DefaultLogoutPageGeneratingFilter@46451496, org.springframework.security.web.savedrequest.RequestCacheAwareFilter@12525583, org.springframework.security.web.servletapi.SecurityContextHolderAwareRequestFilter@7809e381, org.springframework.security.web.authentication.AnonymousAuthenticationFilter@2b4d529, org.springframework.security.web.session.SessionManagementFilter@78b92735, org.springframework.security.web.access.ExceptionTranslationFilter@79dbc34d, org.springframework.security.web.access.intercept.FilterSecurityInterceptor@5c7c5dc1]
2020-03-24 16:29:33.007  INFO 15048 --- [    Test worker] o.s.s.concurrent.ThreadPoolTaskExecutor  : Initializing ExecutorService 'applicationTaskExecutor'
2020-03-24 16:29:33.022  WARN 15048 --- [    Test worker] aWebConfiguration$JpaWebMvcConfiguration : spring.jpa.open-in-view is enabled by default. Therefore, database queries may be performed during view rendering. Explicitly configure spring.jpa.open-in-view to disable this warning
2020-03-24 16:29:33.055  INFO 15048 --- [    Test worker] o.s.b.a.w.s.WelcomePageHandlerMapping    : Adding welcome page template: index
2020-03-24 16:29:33.484  INFO 15048 --- [    Test worker] s.a.ScheduledAnnotationBeanPostProcessor : No TaskScheduler/ScheduledExecutorService bean found for scheduled processing
2020-03-24 16:29:33.514  INFO 15048 --- [    Test worker] o.s.b.w.embedded.tomcat.TomcatWebServer  : Tomcat started on port(s): 60902 (http) with context path ''
2020-03-24 16:29:33.515  INFO 15048 --- [    Test worker] c.n.p.s.web.IndexControllerTest          : Started IndexControllerTest in 2.877 seconds (JVM running for 14.108)
2020-03-24 16:29:33.651  INFO 15048 --- [o-auto-1-exec-1] o.a.c.c.C.[Tomcat].[localhost].[/]       : Initializing Spring DispatcherServlet 'dispatcherServlet'
2020-03-24 16:29:33.652  INFO 15048 --- [o-auto-1-exec-1] o.s.web.servlet.DispatcherServlet        : Initializing Servlet 'dispatcherServlet'
2020-03-24 16:29:33.693  INFO 15048 --- [o-auto-1-exec-1] o.s.web.servlet.DispatcherServlet        : Completed initialization in 41 ms
Hibernate: select posts0_.id as id1_0_, posts0_.created_date as created_2_0_, posts0_.modified_date as modified3_0_, posts0_.author as author4_0_, posts0_.content as content5_0_, posts0_.title as title6_0_ from posts posts0_ order by posts0_.id DESC
]]></system-out>
  <system-err><![CDATA[]]></system-err>
</testsuite>
