<?xml version="1.0" encoding="UTF-8"?>
<testsuite name="com.nts.project.springboot.web.HelloControllerTest" tests="2" skipped="0" failures="0" errors="0" timestamp="2020-03-24T07:29:30" hostname="DESKTOP-TG1CJTM" time="0.161">
  <properties/>
  <testcase name="hello가_리턴된다" classname="com.nts.project.springboot.web.HelloControllerTest" time="0.071"/>
  <testcase name="hellpDto가_리턴된다" classname="com.nts.project.springboot.web.HelloControllerTest" time="0.089"/>
  <system-out><![CDATA[2020-03-24 16:29:29.269  INFO 15048 --- [    Test worker] .b.t.a.w.s.WebMvcTestContextBootstrapper : Neither @ContextConfiguration nor @ContextHierarchy found for test class [com.nts.project.springboot.web.HelloControllerTest], using SpringBootContextLoader
2020-03-24 16:29:29.270  INFO 15048 --- [    Test worker] o.s.t.c.support.AbstractContextLoader    : Could not detect default resource locations for test class [com.nts.project.springboot.web.HelloControllerTest]: no resource found for suffixes {-context.xml, Context.groovy}.
2020-03-24 16:29:29.270  INFO 15048 --- [    Test worker] t.c.s.AnnotationConfigContextLoaderUtils : Could not detect default configuration classes for test class [com.nts.project.springboot.web.HelloControllerTest]: HelloControllerTest does not declare any static, non-private, non-final, nested classes annotated with @Configuration.
2020-03-24 16:29:29.302  INFO 15048 --- [    Test worker] .b.t.c.SpringBootTestContextBootstrapper : Found @SpringBootConfiguration com.nts.project.springboot.Application for test class com.nts.project.springboot.web.HelloControllerTest
2020-03-24 16:29:29.303  INFO 15048 --- [    Test worker] .b.t.a.w.s.WebMvcTestContextBootstrapper : Loaded default TestExecutionListener class names from location [META-INF/spring.factories]: [org.springframework.security.test.context.support.WithSecurityContextTestExecutionListener, org.springframework.security.test.context.support.ReactorContextTestExecutionListener, org.springframework.boot.test.autoconfigure.restdocs.RestDocsTestExecutionListener, org.springframework.boot.test.autoconfigure.web.client.MockRestServiceServerResetTestExecutionListener, org.springframework.boot.test.autoconfigure.web.servlet.MockMvcPrintOnlyOnFailureTestExecutionListener, org.springframework.boot.test.autoconfigure.web.servlet.WebDriverTestExecutionListener, org.springframework.boot.test.mock.mockito.MockitoTestExecutionListener, org.springframework.boot.test.mock.mockito.ResetMocksTestExecutionListener, org.springframework.test.context.web.ServletTestExecutionListener, org.springframework.test.context.support.DirtiesContextBeforeModesTestExecutionListener, org.springframework.test.context.support.DependencyInjectionTestExecutionListener, org.springframework.test.context.support.DirtiesContextTestExecutionListener, org.springframework.test.context.transaction.TransactionalTestExecutionListener, org.springframework.test.context.jdbc.SqlScriptsTestExecutionListener]
2020-03-24 16:29:29.305  INFO 15048 --- [    Test worker] .b.t.a.w.s.WebMvcTestContextBootstrapper : Using TestExecutionListeners: [org.springframework.test.context.web.ServletTestExecutionListener@3ba04aa6, org.springframework.test.context.support.DirtiesContextBeforeModesTestExecutionListener@112f8081, org.springframework.boot.test.mock.mockito.MockitoTestExecutionListener@6dcdd3e8, org.springframework.boot.test.autoconfigure.SpringBootDependencyInjectionTestExecutionListener@575f442a, org.springframework.test.context.support.DirtiesContextTestExecutionListener@6e13d11d, org.springframework.test.context.transaction.TransactionalTestExecutionListener@3557fd6, org.springframework.test.context.jdbc.SqlScriptsTestExecutionListener@4bec7, org.springframework.security.test.context.support.WithSecurityContextTestExecutionListener@2d57d4f9, org.springframework.security.test.context.support.ReactorContextTestExecutionListener@5d3c7377, org.springframework.boot.test.autoconfigure.restdocs.RestDocsTestExecutionListener@753f0cc9, org.springframework.boot.test.autoconfigure.web.client.MockRestServiceServerResetTestExecutionListener@50e8762f, org.springframework.boot.test.autoconfigure.web.servlet.MockMvcPrintOnlyOnFailureTestExecutionListener@438b90d7, org.springframework.boot.test.autoconfigure.web.servlet.WebDriverTestExecutionListener@7d12e41a, org.springframework.boot.test.mock.mockito.ResetMocksTestExecutionListener@70c6e635]

  .   ____          _            __ _ _
 /\\ / ___'_ __ _ _(_)_ __  __ _ \ \ \ \
( ( )\___ | '_ | '_| | '_ \/ _` | \ \ \ \
 \\/  ___)| |_)| | | | | || (_| |  ) ) ) )
  '  |____| .__|_| |_|_| |_\__, | / / / /
 =========|_|==============|___/=/_/_/_/
 :: Spring Boot ::        (v2.1.7.RELEASE)

2020-03-24 16:29:29.356  INFO 15048 --- [    Test worker] c.n.p.s.web.HelloControllerTest          : Starting HelloControllerTest on DESKTOP-TG1CJTM with PID 15048 (started by MoonSemi in C:\Users\MoonSemi\IdeaProjects\springboot-webservice-tastemap)
2020-03-24 16:29:29.357  INFO 15048 --- [    Test worker] c.n.p.s.web.HelloControllerTest          : No active profile set, falling back to default profiles: default
2020-03-24 16:29:29.921  INFO 15048 --- [    Test worker] o.s.s.concurrent.ThreadPoolTaskExecutor  : Initializing ExecutorService 'applicationTaskExecutor'
2020-03-24 16:29:29.959  INFO 15048 --- [    Test worker] o.s.b.a.w.s.WelcomePageHandlerMapping    : Adding welcome page template: index
2020-03-24 16:29:30.200  INFO 15048 --- [    Test worker] .s.s.UserDetailsServiceAutoConfiguration : 

Using generated security password: 5807a3e2-baef-4679-a9b5-4c24a1754a5f

2020-03-24 16:29:30.368  INFO 15048 --- [    Test worker] o.s.s.web.DefaultSecurityFilterChain     : Creating filter chain: any request, [org.springframework.security.web.context.request.async.WebAsyncManagerIntegrationFilter@73770fbf, org.springframework.security.web.context.SecurityContextPersistenceFilter@6711b0ee, org.springframework.security.web.header.HeaderWriterFilter@1540c465, org.springframework.security.web.csrf.CsrfFilter@3a6f2286, org.springframework.security.web.authentication.logout.LogoutFilter@7686bd24, org.springframework.security.web.authentication.UsernamePasswordAuthenticationFilter@4716bc8b, org.springframework.security.web.authentication.ui.DefaultLoginPageGeneratingFilter@bea297b, org.springframework.security.web.authentication.ui.DefaultLogoutPageGeneratingFilter@df05fc8, org.springframework.security.web.authentication.www.BasicAuthenticationFilter@2ec44a59, org.springframework.security.web.savedrequest.RequestCacheAwareFilter@b0b41a2, org.springframework.security.web.servletapi.SecurityContextHolderAwareRequestFilter@187bcf4a, org.springframework.security.web.authentication.AnonymousAuthenticationFilter@16a4aad, org.springframework.security.web.session.SessionManagementFilter@56f8af59, org.springframework.security.web.access.ExceptionTranslationFilter@316bb3b5, org.springframework.security.web.access.intercept.FilterSecurityInterceptor@4b34960]
2020-03-24 16:29:30.408  INFO 15048 --- [    Test worker] o.s.b.t.m.w.SpringBootMockServletContext : Initializing Spring TestDispatcherServlet ''
2020-03-24 16:29:30.408  INFO 15048 --- [    Test worker] o.s.t.web.servlet.TestDispatcherServlet  : Initializing Servlet ''
2020-03-24 16:29:30.425  INFO 15048 --- [    Test worker] o.s.t.web.servlet.TestDispatcherServlet  : Completed initialization in 17 ms
2020-03-24 16:29:30.463  INFO 15048 --- [    Test worker] c.n.p.s.web.HelloControllerTest          : Started HelloControllerTest in 1.155 seconds (JVM running for 11.056)
]]></system-out>
  <system-err><![CDATA[]]></system-err>
</testsuite>
